[2014-09-09 15:53:13,352: DEBUG/MainProcess] | Worker: Preparing bootsteps.
[2014-09-09 15:53:13,354: DEBUG/MainProcess] | Worker: Building graph...
[2014-09-09 15:53:13,355: DEBUG/MainProcess] | Worker: New boot order: {Timer, Hub, Queues (intra), Pool, Autoreloader, StateDB, Autoscaler, Beat, Consumer}
[2014-09-09 15:53:13,361: DEBUG/MainProcess] | Consumer: Preparing bootsteps.
[2014-09-09 15:53:13,361: DEBUG/MainProcess] | Consumer: Building graph...
[2014-09-09 15:53:13,371: DEBUG/MainProcess] | Consumer: New boot order: {Connection, Events, Mingle, Tasks, Control, Agent, Gossip, Heart, event loop}
[2014-09-09 15:53:13,371: WARNING/MainProcess] /usr/local/lib/python2.7/dist-packages/celery-3.1.13-py2.7.egg/celery/apps/worker.py:161: CDeprecationWarning: 
Starting from version 3.2 Celery will refuse to accept pickle by default.

The pickle serializer is a security concern as it may give attackers
the ability to execute any command.  It's important to secure
your broker from unauthorized access when using pickle, so we think
that enabling pickle should require a deliberate action and not be
the default choice.

If you depend on pickle then you should set a setting to disable this
warning and to be sure that everything will continue working
when you upgrade to Celery 3.2::

    CELERY_ACCEPT_CONTENT = ['pickle', 'json', 'msgpack', 'yaml']

You must only enable the serializers that you will actually use.


  warnings.warn(CDeprecationWarning(W_PICKLE_DEPRECATED))

[2014-09-09 15:53:13,376: DEBUG/MainProcess] | Worker: Starting Hub
[2014-09-09 15:53:13,377: DEBUG/MainProcess] ^-- substep ok
[2014-09-09 15:53:13,377: DEBUG/MainProcess] | Worker: Starting Pool
[2014-09-09 15:53:13,400: DEBUG/MainProcess] ^-- substep ok
[2014-09-09 15:53:13,401: DEBUG/MainProcess] | Worker: Starting Consumer
[2014-09-09 15:53:13,401: DEBUG/MainProcess] | Consumer: Starting Connection
[2014-09-09 15:53:13,413: INFO/MainProcess] Connected to redis://172.21.1.155:6379//
[2014-09-09 15:53:13,413: DEBUG/MainProcess] ^-- substep ok
[2014-09-09 15:53:13,413: DEBUG/MainProcess] | Consumer: Starting Events
[2014-09-09 15:53:13,425: DEBUG/MainProcess] ^-- substep ok
[2014-09-09 15:53:13,425: DEBUG/MainProcess] | Consumer: Starting Mingle
[2014-09-09 15:53:13,425: INFO/MainProcess] mingle: searching for neighbors
[2014-09-09 15:53:14,435: INFO/MainProcess] mingle: all alone
[2014-09-09 15:53:14,436: DEBUG/MainProcess] ^-- substep ok
[2014-09-09 15:53:14,436: DEBUG/MainProcess] | Consumer: Starting Tasks
[2014-09-09 15:53:14,440: DEBUG/MainProcess] ^-- substep ok
[2014-09-09 15:53:14,440: DEBUG/MainProcess] | Consumer: Starting Control
[2014-09-09 15:53:14,443: DEBUG/MainProcess] ^-- substep ok
[2014-09-09 15:53:14,443: DEBUG/MainProcess] | Consumer: Starting Gossip
[2014-09-09 15:53:14,446: DEBUG/MainProcess] ^-- substep ok
[2014-09-09 15:53:14,446: DEBUG/MainProcess] | Consumer: Starting Heart
[2014-09-09 15:53:14,447: DEBUG/MainProcess] ^-- substep ok
[2014-09-09 15:53:14,447: DEBUG/MainProcess] | Consumer: Starting event loop
[2014-09-09 15:53:14,448: WARNING/MainProcess] /usr/local/lib/python2.7/dist-packages/celery-3.1.13-py2.7.egg/celery/fixups/django.py:236: UserWarning: Using settings.DEBUG leads to a memory leak, never use this setting in production environments!
  warnings.warn('Using settings.DEBUG leads to a memory leak, never '

[2014-09-09 15:53:14,448: WARNING/MainProcess] celery@udms-131 ready.
[2014-09-09 15:53:14,449: DEBUG/MainProcess] | Worker: Hub.register Pool...
[2014-09-09 15:53:14,449: DEBUG/MainProcess] basic.qos: prefetch_count->64
[2014-09-09 15:53:17,522: INFO/MainProcess] Received task: apps.urlcrawler.tasks.retrieve_page[b7a520cd-5308-49c0-acee-d20ab746e7b9]
[2014-09-09 15:53:17,523: DEBUG/MainProcess] TaskPool: Apply <function _fast_trace_task at 0x3f5d9b0> (args:('apps.urlcrawler.tasks.retrieve_page', 'b7a520cd-5308-49c0-acee-d20ab746e7b9', (1, 'http://pat.zju.edu.cn'), {}, {'utc': True, u'is_eager': False, 'chord': None, u'group': None, 'args': (1, 'http://pat.zju.edu.cn'), 'retries': 0, u'delivery_info': {u'priority': 0, u'redelivered': None, u'routing_key': 'celery', u'exchange': 'celery'}, 'expires': None, u'hostname': 'celery@udms-131', 'task': 'apps.urlcrawler.tasks.retrieve_page', 'callbacks': None, u'correlation_id': 'b7a520cd-5308-49c0-acee-d20ab746e7b9', 'errbacks': None, 'timelimit': (None, None), 'taskset': None, 'kwargs': {}, 'eta': None, u'reply_to': '2a5add0d-f005-3b43-8b73-12794037615f', 'id': 'b7a520cd-5308-49c0-acee-d20ab746e7b9', u'headers': {}}) kwargs:{})
[2014-09-09 15:53:17,525: DEBUG/MainProcess] Task accepted: apps.urlcrawler.tasks.retrieve_page[b7a520cd-5308-49c0-acee-d20ab746e7b9] pid:3775
[2014-09-09 15:53:17,525: INFO/MainProcess] Task apps.urlcrawler.tasks.retrieve_page[b7a520cd-5308-49c0-acee-d20ab746e7b9] succeeded in 0.00162090698723s: None
[2014-09-09 15:53:52,467: INFO/MainProcess] Received task: apps.urlcrawler.tasks.retrieve_page[c5f63741-7e2f-432c-acd9-62ab8f34a3fc]
[2014-09-09 15:53:52,467: DEBUG/MainProcess] TaskPool: Apply <function _fast_trace_task at 0x3f5d9b0> (args:('apps.urlcrawler.tasks.retrieve_page', 'c5f63741-7e2f-432c-acd9-62ab8f34a3fc', (1, 'http://pat.zju.edu.cn111'), {}, {'utc': True, u'is_eager': False, 'chord': None, u'group': None, 'args': (1, 'http://pat.zju.edu.cn111'), 'retries': 0, u'delivery_info': {u'priority': 0, u'redelivered': None, u'routing_key': 'celery', u'exchange': 'celery'}, 'expires': None, u'hostname': 'celery@udms-131', 'task': 'apps.urlcrawler.tasks.retrieve_page', 'callbacks': None, u'correlation_id': 'c5f63741-7e2f-432c-acd9-62ab8f34a3fc', 'errbacks': None, 'timelimit': (None, None), 'taskset': None, 'kwargs': {}, 'eta': None, u'reply_to': '2a5add0d-f005-3b43-8b73-12794037615f', 'id': 'c5f63741-7e2f-432c-acd9-62ab8f34a3fc', u'headers': {}}) kwargs:{})
[2014-09-09 15:53:52,469: DEBUG/MainProcess] Task accepted: apps.urlcrawler.tasks.retrieve_page[c5f63741-7e2f-432c-acd9-62ab8f34a3fc] pid:3778
[2014-09-09 15:53:52,480: INFO/Worker-6] Starting new HTTP connection (1): pat.zju.edu.cn111
[2014-09-09 15:53:52,492: INFO/Worker-6] Starting new HTTP connection (1): pat.zju.edu.cn111
[2014-09-09 15:53:52,493: INFO/Worker-6] Starting new HTTP connection (1): pat.zju.edu.cn111
[2014-09-09 15:53:52,494: DEBUG/Worker-6] apps.urlcrawler.tasks.retrieve_page[c5f63741-7e2f-432c-acd9-62ab8f34a3fc]: HTTPConnectionPool(host='pat.zju.edu.cn111', port=80): Max retries exceeded with url: / (Caused by <class 'socket.gaierror'>: [Errno -3] Temporary failure in name resolution) URL: http://pat.zju.edu.cn111 

[2014-09-09 15:53:52,495: INFO/MainProcess] Task apps.urlcrawler.tasks.retrieve_page[c5f63741-7e2f-432c-acd9-62ab8f34a3fc] succeeded in 0.0263912490336s: None
[2014-09-09 15:54:13,433: INFO/MainProcess] Received task: apps.urlcrawler.tasks.retrieve_page[b0d5b543-2d17-44d8-a7ae-6ec6d760a8af]
[2014-09-09 15:54:13,434: DEBUG/MainProcess] TaskPool: Apply <function _fast_trace_task at 0x3f5d9b0> (args:('apps.urlcrawler.tasks.retrieve_page', 'b0d5b543-2d17-44d8-a7ae-6ec6d760a8af', (1, 'http://pat.zju.edu.cn111'), {}, {'utc': True, u'is_eager': False, 'chord': None, u'group': None, 'args': (1, 'http://pat.zju.edu.cn111'), 'retries': 0, u'delivery_info': {u'priority': 0, u'redelivered': None, u'routing_key': 'celery', u'exchange': 'celery'}, 'expires': None, u'hostname': 'celery@udms-131', 'task': 'apps.urlcrawler.tasks.retrieve_page', 'callbacks': None, u'correlation_id': 'b0d5b543-2d17-44d8-a7ae-6ec6d760a8af', 'errbacks': None, 'timelimit': (None, None), 'taskset': None, 'kwargs': {}, 'eta': None, u'reply_to': '2a5add0d-f005-3b43-8b73-12794037615f', 'id': 'b0d5b543-2d17-44d8-a7ae-6ec6d760a8af', u'headers': {}}) kwargs:{})
[2014-09-09 15:54:13,435: DEBUG/MainProcess] Task accepted: apps.urlcrawler.tasks.retrieve_page[b0d5b543-2d17-44d8-a7ae-6ec6d760a8af] pid:3774
[2014-09-09 15:54:13,436: INFO/MainProcess] Task apps.urlcrawler.tasks.retrieve_page[b0d5b543-2d17-44d8-a7ae-6ec6d760a8af] succeeded in 0.00153009296628s: None
[2014-09-09 15:55:53,925: DEBUG/MainProcess] | Worker: Closing Hub...
[2014-09-09 15:55:53,925: DEBUG/MainProcess] | Worker: Closing Pool...
[2014-09-09 15:55:53,925: DEBUG/MainProcess] | Worker: Closing Consumer...
[2014-09-09 15:55:53,925: DEBUG/MainProcess] | Worker: Stopping Consumer...
[2014-09-09 15:55:53,926: DEBUG/MainProcess] | Consumer: Closing Connection...
[2014-09-09 15:55:53,926: DEBUG/MainProcess] | Consumer: Closing Events...
[2014-09-09 15:55:53,926: DEBUG/MainProcess] | Consumer: Closing Mingle...
[2014-09-09 15:55:53,926: DEBUG/MainProcess] | Consumer: Closing Tasks...
[2014-09-09 15:55:53,926: DEBUG/MainProcess] | Consumer: Closing Control...
[2014-09-09 15:55:53,927: DEBUG/MainProcess] | Consumer: Closing Gossip...
[2014-09-09 15:55:53,927: DEBUG/MainProcess] | Consumer: Closing Heart...
[2014-09-09 15:55:53,927: DEBUG/MainProcess] | Consumer: Closing event loop...
[2014-09-09 15:55:53,927: DEBUG/MainProcess] | Consumer: Stopping event loop...
[2014-09-09 15:55:53,927: DEBUG/MainProcess] | Consumer: Stopping Heart...
[2014-09-09 15:55:53,928: DEBUG/MainProcess] | Consumer: Stopping Gossip...
[2014-09-09 15:55:53,930: DEBUG/MainProcess] | Consumer: Stopping Control...
[2014-09-09 15:55:53,932: DEBUG/MainProcess] | Consumer: Stopping Tasks...
[2014-09-09 15:55:53,932: DEBUG/MainProcess] Cancelling task consumer...
[2014-09-09 15:55:53,932: DEBUG/MainProcess] | Consumer: Stopping Mingle...
[2014-09-09 15:55:53,933: DEBUG/MainProcess] | Consumer: Stopping Events...
[2014-09-09 15:55:53,933: DEBUG/MainProcess] | Consumer: Stopping Connection...
[2014-09-09 15:55:53,933: DEBUG/MainProcess] | Worker: Stopping Pool...
[2014-09-09 15:55:54,944: DEBUG/MainProcess] | Worker: Stopping Hub...
[2014-09-09 15:55:54,944: DEBUG/MainProcess] | Consumer: Shutdown Heart...
[2014-09-09 15:55:54,944: DEBUG/MainProcess] | Consumer: Shutdown Gossip...
[2014-09-09 15:55:54,945: DEBUG/MainProcess] | Consumer: Shutdown Control...
[2014-09-09 15:55:54,945: DEBUG/MainProcess] | Consumer: Shutdown Tasks...
[2014-09-09 15:55:54,945: DEBUG/MainProcess] Cancelling task consumer...
[2014-09-09 15:55:54,945: DEBUG/MainProcess] Closing consumer channel...
[2014-09-09 15:55:54,945: DEBUG/MainProcess] | Consumer: Shutdown Events...
[2014-09-09 15:55:54,946: DEBUG/MainProcess] | Consumer: Shutdown Connection...
[2014-09-09 15:55:54,947: DEBUG/MainProcess] removing tasks from inqueue until task handler finished
[2014-09-09 15:56:06,067: DEBUG/MainProcess] | Worker: Preparing bootsteps.
[2014-09-09 15:56:06,069: DEBUG/MainProcess] | Worker: Building graph...
[2014-09-09 15:56:06,069: DEBUG/MainProcess] | Worker: New boot order: {StateDB, Timer, Hub, Queues (intra), Pool, Autoscaler, Autoreloader, Beat, Consumer}
[2014-09-09 15:56:06,075: DEBUG/MainProcess] | Consumer: Preparing bootsteps.
[2014-09-09 15:56:06,076: DEBUG/MainProcess] | Consumer: Building graph...
[2014-09-09 15:56:06,086: DEBUG/MainProcess] | Consumer: New boot order: {Connection, Events, Mingle, Gossip, Agent, Heart, Tasks, Control, event loop}
[2014-09-09 15:56:06,086: WARNING/MainProcess] /usr/local/lib/python2.7/dist-packages/celery-3.1.13-py2.7.egg/celery/apps/worker.py:161: CDeprecationWarning: 
Starting from version 3.2 Celery will refuse to accept pickle by default.

The pickle serializer is a security concern as it may give attackers
the ability to execute any command.  It's important to secure
your broker from unauthorized access when using pickle, so we think
that enabling pickle should require a deliberate action and not be
the default choice.

If you depend on pickle then you should set a setting to disable this
warning and to be sure that everything will continue working
when you upgrade to Celery 3.2::

    CELERY_ACCEPT_CONTENT = ['pickle', 'json', 'msgpack', 'yaml']

You must only enable the serializers that you will actually use.


  warnings.warn(CDeprecationWarning(W_PICKLE_DEPRECATED))

[2014-09-09 15:56:06,091: DEBUG/MainProcess] | Worker: Starting Hub
[2014-09-09 15:56:06,092: DEBUG/MainProcess] ^-- substep ok
[2014-09-09 15:56:06,092: DEBUG/MainProcess] | Worker: Starting Pool
[2014-09-09 15:56:06,113: DEBUG/MainProcess] ^-- substep ok
[2014-09-09 15:56:06,113: DEBUG/MainProcess] | Worker: Starting Consumer
[2014-09-09 15:56:06,114: DEBUG/MainProcess] | Consumer: Starting Connection
[2014-09-09 15:56:06,125: INFO/MainProcess] Connected to redis://172.21.1.155:6379//
[2014-09-09 15:56:06,125: DEBUG/MainProcess] ^-- substep ok
[2014-09-09 15:56:06,126: DEBUG/MainProcess] | Consumer: Starting Events
[2014-09-09 15:56:06,138: DEBUG/MainProcess] ^-- substep ok
[2014-09-09 15:56:06,138: DEBUG/MainProcess] | Consumer: Starting Mingle
[2014-09-09 15:56:06,138: INFO/MainProcess] mingle: searching for neighbors
[2014-09-09 15:56:07,148: INFO/MainProcess] mingle: all alone
[2014-09-09 15:56:07,149: DEBUG/MainProcess] ^-- substep ok
[2014-09-09 15:56:07,149: DEBUG/MainProcess] | Consumer: Starting Gossip
[2014-09-09 15:56:07,152: DEBUG/MainProcess] ^-- substep ok
[2014-09-09 15:56:07,152: DEBUG/MainProcess] | Consumer: Starting Heart
[2014-09-09 15:56:07,154: DEBUG/MainProcess] ^-- substep ok
[2014-09-09 15:56:07,154: DEBUG/MainProcess] | Consumer: Starting Tasks
[2014-09-09 15:56:07,158: DEBUG/MainProcess] ^-- substep ok
[2014-09-09 15:56:07,158: DEBUG/MainProcess] | Consumer: Starting Control
[2014-09-09 15:56:07,161: DEBUG/MainProcess] ^-- substep ok
[2014-09-09 15:56:07,161: DEBUG/MainProcess] | Consumer: Starting event loop
[2014-09-09 15:56:07,162: WARNING/MainProcess] /usr/local/lib/python2.7/dist-packages/celery-3.1.13-py2.7.egg/celery/fixups/django.py:236: UserWarning: Using settings.DEBUG leads to a memory leak, never use this setting in production environments!
  warnings.warn('Using settings.DEBUG leads to a memory leak, never '

[2014-09-09 15:56:07,162: WARNING/MainProcess] celery@udms-131 ready.
[2014-09-09 15:56:07,163: DEBUG/MainProcess] | Worker: Hub.register Pool...
[2014-09-09 15:56:07,163: DEBUG/MainProcess] basic.qos: prefetch_count->64
[2014-09-09 15:56:21,887: INFO/MainProcess] Received task: apps.urlcrawler.tasks.retrieve_page[90c89fe2-88ae-488d-b8d7-bb29532a8cac]
[2014-09-09 15:56:21,887: DEBUG/MainProcess] TaskPool: Apply <function _fast_trace_task at 0x31739b0> (args:('apps.urlcrawler.tasks.retrieve_page', '90c89fe2-88ae-488d-b8d7-bb29532a8cac', (1, 'http://adfa1'), {}, {'utc': True, u'is_eager': False, 'chord': None, u'group': None, 'args': (1, 'http://adfa1'), 'retries': 0, u'delivery_info': {u'priority': 0, u'redelivered': None, u'routing_key': 'celery', u'exchange': 'celery'}, 'expires': None, u'hostname': 'celery@udms-131', 'task': 'apps.urlcrawler.tasks.retrieve_page', 'callbacks': None, u'correlation_id': '90c89fe2-88ae-488d-b8d7-bb29532a8cac', 'errbacks': None, 'timelimit': (None, None), 'taskset': None, 'kwargs': {}, 'eta': None, u'reply_to': '2a5add0d-f005-3b43-8b73-12794037615f', 'id': '90c89fe2-88ae-488d-b8d7-bb29532a8cac', u'headers': {}}) kwargs:{})
[2014-09-09 15:56:21,889: DEBUG/MainProcess] Task accepted: apps.urlcrawler.tasks.retrieve_page[90c89fe2-88ae-488d-b8d7-bb29532a8cac] pid:4756
[2014-09-09 15:56:21,902: INFO/Worker-13] Starting new HTTP connection (1): adfa1
[2014-09-09 15:56:21,904: INFO/Worker-13] Starting new HTTP connection (1): adfa1
[2014-09-09 15:56:21,905: INFO/Worker-13] Starting new HTTP connection (1): adfa1
[2014-09-09 15:56:21,905: DEBUG/Worker-13] apps.urlcrawler.tasks.retrieve_page[90c89fe2-88ae-488d-b8d7-bb29532a8cac]: HTTPConnectionPool(host='adfa1', port=80): Max retries exceeded with url: / (Caused by <class 'socket.gaierror'>: [Errno -3] Temporary failure in name resolution) URL: http://adfa1 

[2014-09-09 15:56:21,906: INFO/MainProcess] Task apps.urlcrawler.tasks.retrieve_page[90c89fe2-88ae-488d-b8d7-bb29532a8cac] succeeded in 0.0173896219931s: None
[2014-09-09 16:01:45,589: DEBUG/MainProcess] | Worker: Closing Hub...
[2014-09-09 16:01:45,590: DEBUG/MainProcess] | Worker: Closing Pool...
[2014-09-09 16:01:45,590: DEBUG/MainProcess] | Worker: Closing Consumer...
[2014-09-09 16:01:45,590: DEBUG/MainProcess] | Worker: Stopping Consumer...
[2014-09-09 16:01:45,590: DEBUG/MainProcess] | Consumer: Closing Connection...
[2014-09-09 16:01:45,591: DEBUG/MainProcess] | Consumer: Closing Events...
[2014-09-09 16:01:45,591: DEBUG/MainProcess] | Consumer: Closing Mingle...
[2014-09-09 16:01:45,591: DEBUG/MainProcess] | Consumer: Closing Gossip...
[2014-09-09 16:01:45,591: DEBUG/MainProcess] | Consumer: Closing Heart...
[2014-09-09 16:01:45,591: DEBUG/MainProcess] | Consumer: Closing Tasks...
[2014-09-09 16:01:45,591: DEBUG/MainProcess] | Consumer: Closing Control...
[2014-09-09 16:01:45,592: DEBUG/MainProcess] | Consumer: Closing event loop...
[2014-09-09 16:01:45,592: DEBUG/MainProcess] | Consumer: Stopping event loop...
[2014-09-09 16:01:45,592: DEBUG/MainProcess] | Consumer: Stopping Control...
[2014-09-09 16:01:45,594: DEBUG/MainProcess] | Consumer: Stopping Tasks...
[2014-09-09 16:01:45,594: DEBUG/MainProcess] Cancelling task consumer...
[2014-09-09 16:01:45,594: DEBUG/MainProcess] | Consumer: Stopping Heart...
[2014-09-09 16:01:45,595: DEBUG/MainProcess] | Consumer: Stopping Gossip...
[2014-09-09 16:01:45,597: DEBUG/MainProcess] | Consumer: Stopping Mingle...
[2014-09-09 16:01:45,597: DEBUG/MainProcess] | Consumer: Stopping Events...
[2014-09-09 16:01:45,597: DEBUG/MainProcess] | Consumer: Stopping Connection...
[2014-09-09 16:01:45,597: DEBUG/MainProcess] | Worker: Stopping Pool...
[2014-09-09 16:01:46,609: DEBUG/MainProcess] | Worker: Stopping Hub...
[2014-09-09 16:01:46,609: DEBUG/MainProcess] | Consumer: Shutdown Control...
[2014-09-09 16:01:46,609: DEBUG/MainProcess] | Consumer: Shutdown Tasks...
[2014-09-09 16:01:46,609: DEBUG/MainProcess] Cancelling task consumer...
[2014-09-09 16:01:46,610: DEBUG/MainProcess] Closing consumer channel...
[2014-09-09 16:01:46,610: DEBUG/MainProcess] | Consumer: Shutdown Heart...
[2014-09-09 16:01:46,610: DEBUG/MainProcess] | Consumer: Shutdown Gossip...
[2014-09-09 16:01:46,610: DEBUG/MainProcess] | Consumer: Shutdown Events...
[2014-09-09 16:01:46,610: DEBUG/MainProcess] | Consumer: Shutdown Connection...
[2014-09-09 16:01:46,611: DEBUG/MainProcess] removing tasks from inqueue until task handler finished
[2014-09-09 16:01:48,897: DEBUG/MainProcess] | Worker: Preparing bootsteps.
[2014-09-09 16:01:48,899: DEBUG/MainProcess] | Worker: Building graph...
[2014-09-09 16:01:48,899: DEBUG/MainProcess] | Worker: New boot order: {Timer, Hub, Queues (intra), Pool, Autoreloader, Beat, Autoscaler, StateDB, Consumer}
[2014-09-09 16:01:48,905: DEBUG/MainProcess] | Consumer: Preparing bootsteps.
[2014-09-09 16:01:48,906: DEBUG/MainProcess] | Consumer: Building graph...
[2014-09-09 16:01:48,916: DEBUG/MainProcess] | Consumer: New boot order: {Connection, Events, Mingle, Gossip, Heart, Agent, Tasks, Control, event loop}
[2014-09-09 16:01:48,916: WARNING/MainProcess] /usr/local/lib/python2.7/dist-packages/celery-3.1.13-py2.7.egg/celery/apps/worker.py:161: CDeprecationWarning: 
Starting from version 3.2 Celery will refuse to accept pickle by default.

The pickle serializer is a security concern as it may give attackers
the ability to execute any command.  It's important to secure
your broker from unauthorized access when using pickle, so we think
that enabling pickle should require a deliberate action and not be
the default choice.

If you depend on pickle then you should set a setting to disable this
warning and to be sure that everything will continue working
when you upgrade to Celery 3.2::

    CELERY_ACCEPT_CONTENT = ['pickle', 'json', 'msgpack', 'yaml']

You must only enable the serializers that you will actually use.


  warnings.warn(CDeprecationWarning(W_PICKLE_DEPRECATED))

[2014-09-09 16:01:48,922: DEBUG/MainProcess] | Worker: Starting Hub
[2014-09-09 16:01:48,922: DEBUG/MainProcess] ^-- substep ok
[2014-09-09 16:01:48,922: DEBUG/MainProcess] | Worker: Starting Pool
[2014-09-09 16:01:48,945: DEBUG/MainProcess] ^-- substep ok
[2014-09-09 16:01:48,946: DEBUG/MainProcess] | Worker: Starting Consumer
[2014-09-09 16:01:48,946: DEBUG/MainProcess] | Consumer: Starting Connection
[2014-09-09 16:01:48,957: INFO/MainProcess] Connected to redis://172.21.1.155:6379//
[2014-09-09 16:01:48,958: DEBUG/MainProcess] ^-- substep ok
[2014-09-09 16:01:48,958: DEBUG/MainProcess] | Consumer: Starting Events
[2014-09-09 16:01:48,970: DEBUG/MainProcess] ^-- substep ok
[2014-09-09 16:01:48,970: DEBUG/MainProcess] | Consumer: Starting Mingle
[2014-09-09 16:01:48,970: INFO/MainProcess] mingle: searching for neighbors
[2014-09-09 16:01:49,981: INFO/MainProcess] mingle: all alone
[2014-09-09 16:01:49,981: DEBUG/MainProcess] ^-- substep ok
[2014-09-09 16:01:49,981: DEBUG/MainProcess] | Consumer: Starting Gossip
[2014-09-09 16:01:49,985: DEBUG/MainProcess] ^-- substep ok
[2014-09-09 16:01:49,985: DEBUG/MainProcess] | Consumer: Starting Heart
[2014-09-09 16:01:49,986: DEBUG/MainProcess] ^-- substep ok
[2014-09-09 16:01:49,986: DEBUG/MainProcess] | Consumer: Starting Tasks
[2014-09-09 16:01:49,991: DEBUG/MainProcess] ^-- substep ok
[2014-09-09 16:01:49,991: DEBUG/MainProcess] | Consumer: Starting Control
[2014-09-09 16:01:49,994: DEBUG/MainProcess] ^-- substep ok
[2014-09-09 16:01:49,994: DEBUG/MainProcess] | Consumer: Starting event loop
[2014-09-09 16:01:49,994: WARNING/MainProcess] /usr/local/lib/python2.7/dist-packages/celery-3.1.13-py2.7.egg/celery/fixups/django.py:236: UserWarning: Using settings.DEBUG leads to a memory leak, never use this setting in production environments!
  warnings.warn('Using settings.DEBUG leads to a memory leak, never '

[2014-09-09 16:01:49,995: WARNING/MainProcess] celery@udms-131 ready.
[2014-09-09 16:01:49,995: DEBUG/MainProcess] | Worker: Hub.register Pool...
[2014-09-09 16:01:49,996: DEBUG/MainProcess] basic.qos: prefetch_count->64
[2014-09-09 16:01:54,497: INFO/MainProcess] Received task: apps.urlcrawler.tasks.retrieve_page[4e717c73-6563-46d7-8376-3a85d26aa959]
[2014-09-09 16:01:54,505: DEBUG/MainProcess] TaskPool: Apply <function _fast_trace_task at 0x40de9b0> (args:('apps.urlcrawler.tasks.retrieve_page', '4e717c73-6563-46d7-8376-3a85d26aa959', (1, 'http://adfa1'), {}, {'utc': True, u'is_eager': False, 'chord': None, u'group': None, 'args': (1, 'http://adfa1'), 'retries': 0, u'delivery_info': {u'priority': 0, u'redelivered': None, u'routing_key': 'celery', u'exchange': 'celery'}, 'expires': None, u'hostname': 'celery@udms-131', 'task': 'apps.urlcrawler.tasks.retrieve_page', 'callbacks': None, u'correlation_id': '4e717c73-6563-46d7-8376-3a85d26aa959', 'errbacks': None, 'timelimit': (None, None), 'taskset': None, 'kwargs': {}, 'eta': None, u'reply_to': '2a5add0d-f005-3b43-8b73-12794037615f', 'id': '4e717c73-6563-46d7-8376-3a85d26aa959', u'headers': {}}) kwargs:{})
[2014-09-09 16:01:54,507: DEBUG/MainProcess] Task accepted: apps.urlcrawler.tasks.retrieve_page[4e717c73-6563-46d7-8376-3a85d26aa959] pid:5646
[2014-09-09 16:01:54,508: INFO/MainProcess] Task apps.urlcrawler.tasks.retrieve_page[4e717c73-6563-46d7-8376-3a85d26aa959] succeeded in 0.00181882100878s: None
[2014-09-09 16:02:14,809: INFO/MainProcess] Received task: apps.urlcrawler.tasks.retrieve_page[728d0d33-abbf-4dae-972f-b5f9680e9b80]
[2014-09-09 16:02:14,809: DEBUG/MainProcess] TaskPool: Apply <function _fast_trace_task at 0x40de9b0> (args:('apps.urlcrawler.tasks.retrieve_page', '728d0d33-abbf-4dae-972f-b5f9680e9b80', (1, 'http://adfa1'), {}, {'utc': True, u'is_eager': False, 'chord': None, u'group': None, 'args': (1, 'http://adfa1'), 'retries': 0, u'delivery_info': {u'priority': 0, u'redelivered': None, u'routing_key': 'celery', u'exchange': 'celery'}, 'expires': None, u'hostname': 'celery@udms-131', 'task': 'apps.urlcrawler.tasks.retrieve_page', 'callbacks': None, u'correlation_id': '728d0d33-abbf-4dae-972f-b5f9680e9b80', 'errbacks': None, 'timelimit': (None, None), 'taskset': None, 'kwargs': {}, 'eta': None, u'reply_to': '2a5add0d-f005-3b43-8b73-12794037615f', 'id': '728d0d33-abbf-4dae-972f-b5f9680e9b80', u'headers': {}}) kwargs:{})
[2014-09-09 16:02:14,811: DEBUG/MainProcess] Task accepted: apps.urlcrawler.tasks.retrieve_page[728d0d33-abbf-4dae-972f-b5f9680e9b80] pid:5645
[2014-09-09 16:02:14,811: INFO/MainProcess] Task apps.urlcrawler.tasks.retrieve_page[728d0d33-abbf-4dae-972f-b5f9680e9b80] succeeded in 0.00169430900132s: None
[2014-09-09 16:02:33,461: DEBUG/MainProcess] | Worker: Closing Hub...
[2014-09-09 16:02:33,461: DEBUG/MainProcess] | Worker: Closing Pool...
[2014-09-09 16:02:33,462: DEBUG/MainProcess] | Worker: Closing Consumer...
[2014-09-09 16:02:33,462: DEBUG/MainProcess] | Worker: Stopping Consumer...
[2014-09-09 16:02:33,462: DEBUG/MainProcess] | Consumer: Closing Connection...
[2014-09-09 16:02:33,462: DEBUG/MainProcess] | Consumer: Closing Events...
[2014-09-09 16:02:33,463: DEBUG/MainProcess] | Consumer: Closing Mingle...
[2014-09-09 16:02:33,463: DEBUG/MainProcess] | Consumer: Closing Gossip...
[2014-09-09 16:02:33,463: DEBUG/MainProcess] | Consumer: Closing Heart...
[2014-09-09 16:02:33,463: DEBUG/MainProcess] | Consumer: Closing Tasks...
[2014-09-09 16:02:33,463: DEBUG/MainProcess] | Consumer: Closing Control...
[2014-09-09 16:02:33,463: DEBUG/MainProcess] | Consumer: Closing event loop...
[2014-09-09 16:02:33,463: DEBUG/MainProcess] | Consumer: Stopping event loop...
[2014-09-09 16:02:33,464: DEBUG/MainProcess] | Consumer: Stopping Control...
[2014-09-09 16:02:33,466: DEBUG/MainProcess] | Consumer: Stopping Tasks...
[2014-09-09 16:02:33,466: DEBUG/MainProcess] Cancelling task consumer...
[2014-09-09 16:02:33,466: DEBUG/MainProcess] | Consumer: Stopping Heart...
[2014-09-09 16:02:33,467: DEBUG/MainProcess] | Consumer: Stopping Gossip...
[2014-09-09 16:02:33,469: DEBUG/MainProcess] | Consumer: Stopping Mingle...
[2014-09-09 16:02:33,469: DEBUG/MainProcess] | Consumer: Stopping Events...
[2014-09-09 16:02:33,469: DEBUG/MainProcess] | Consumer: Stopping Connection...
[2014-09-09 16:02:33,470: DEBUG/MainProcess] | Worker: Stopping Pool...
[2014-09-09 16:02:34,480: DEBUG/MainProcess] | Worker: Stopping Hub...
[2014-09-09 16:02:34,481: DEBUG/MainProcess] | Consumer: Shutdown Control...
[2014-09-09 16:02:34,481: DEBUG/MainProcess] | Consumer: Shutdown Tasks...
[2014-09-09 16:02:34,481: DEBUG/MainProcess] Cancelling task consumer...
[2014-09-09 16:02:34,481: DEBUG/MainProcess] Closing consumer channel...
[2014-09-09 16:02:34,482: DEBUG/MainProcess] | Consumer: Shutdown Heart...
[2014-09-09 16:02:34,482: DEBUG/MainProcess] | Consumer: Shutdown Gossip...
[2014-09-09 16:02:34,482: DEBUG/MainProcess] | Consumer: Shutdown Events...
[2014-09-09 16:02:34,482: DEBUG/MainProcess] | Consumer: Shutdown Connection...
[2014-09-09 16:02:34,483: DEBUG/MainProcess] removing tasks from inqueue until task handler finished
[2014-09-09 16:02:38,176: DEBUG/MainProcess] | Worker: Preparing bootsteps.
[2014-09-09 16:02:38,178: DEBUG/MainProcess] | Worker: Building graph...
[2014-09-09 16:02:38,179: DEBUG/MainProcess] | Worker: New boot order: {Beat, Timer, Hub, Queues (intra), Pool, Autoreloader, Autoscaler, StateDB, Consumer}
[2014-09-09 16:02:38,185: DEBUG/MainProcess] | Consumer: Preparing bootsteps.
[2014-09-09 16:02:38,185: DEBUG/MainProcess] | Consumer: Building graph...
[2014-09-09 16:02:38,195: DEBUG/MainProcess] | Consumer: New boot order: {Connection, Events, Mingle, Tasks, Control, Gossip, Agent, Heart, event loop}
[2014-09-09 16:02:38,195: WARNING/MainProcess] /usr/local/lib/python2.7/dist-packages/celery-3.1.13-py2.7.egg/celery/apps/worker.py:161: CDeprecationWarning: 
Starting from version 3.2 Celery will refuse to accept pickle by default.

The pickle serializer is a security concern as it may give attackers
the ability to execute any command.  It's important to secure
your broker from unauthorized access when using pickle, so we think
that enabling pickle should require a deliberate action and not be
the default choice.

If you depend on pickle then you should set a setting to disable this
warning and to be sure that everything will continue working
when you upgrade to Celery 3.2::

    CELERY_ACCEPT_CONTENT = ['pickle', 'json', 'msgpack', 'yaml']

You must only enable the serializers that you will actually use.


  warnings.warn(CDeprecationWarning(W_PICKLE_DEPRECATED))

[2014-09-09 16:02:38,201: DEBUG/MainProcess] | Worker: Starting Hub
[2014-09-09 16:02:38,201: DEBUG/MainProcess] ^-- substep ok
[2014-09-09 16:02:38,201: DEBUG/MainProcess] | Worker: Starting Pool
[2014-09-09 16:02:38,224: DEBUG/MainProcess] ^-- substep ok
[2014-09-09 16:02:38,225: DEBUG/MainProcess] | Worker: Starting Consumer
[2014-09-09 16:02:38,225: DEBUG/MainProcess] | Consumer: Starting Connection
[2014-09-09 16:02:38,237: INFO/MainProcess] Connected to redis://172.21.1.155:6379//
[2014-09-09 16:02:38,237: DEBUG/MainProcess] ^-- substep ok
[2014-09-09 16:02:38,237: DEBUG/MainProcess] | Consumer: Starting Events
[2014-09-09 16:02:38,248: DEBUG/MainProcess] ^-- substep ok
[2014-09-09 16:02:38,248: DEBUG/MainProcess] | Consumer: Starting Mingle
[2014-09-09 16:02:38,249: INFO/MainProcess] mingle: searching for neighbors
[2014-09-09 16:02:39,259: INFO/MainProcess] mingle: all alone
[2014-09-09 16:02:39,259: DEBUG/MainProcess] ^-- substep ok
[2014-09-09 16:02:39,259: DEBUG/MainProcess] | Consumer: Starting Tasks
[2014-09-09 16:02:39,263: DEBUG/MainProcess] ^-- substep ok
[2014-09-09 16:02:39,264: DEBUG/MainProcess] | Consumer: Starting Control
[2014-09-09 16:02:39,267: DEBUG/MainProcess] ^-- substep ok
[2014-09-09 16:02:39,267: DEBUG/MainProcess] | Consumer: Starting Gossip
[2014-09-09 16:02:39,270: DEBUG/MainProcess] ^-- substep ok
[2014-09-09 16:02:39,270: DEBUG/MainProcess] | Consumer: Starting Heart
[2014-09-09 16:02:39,271: DEBUG/MainProcess] ^-- substep ok
[2014-09-09 16:02:39,271: DEBUG/MainProcess] | Consumer: Starting event loop
[2014-09-09 16:02:39,272: WARNING/MainProcess] /usr/local/lib/python2.7/dist-packages/celery-3.1.13-py2.7.egg/celery/fixups/django.py:236: UserWarning: Using settings.DEBUG leads to a memory leak, never use this setting in production environments!
  warnings.warn('Using settings.DEBUG leads to a memory leak, never '

[2014-09-09 16:02:39,272: WARNING/MainProcess] celery@udms-131 ready.
[2014-09-09 16:02:39,273: DEBUG/MainProcess] | Worker: Hub.register Pool...
[2014-09-09 16:02:39,273: DEBUG/MainProcess] basic.qos: prefetch_count->64
[2014-09-09 16:02:41,528: INFO/MainProcess] Received task: apps.urlcrawler.tasks.retrieve_page[ea6999e1-23ee-4850-9bc1-594a787ed421]
[2014-09-09 16:02:41,528: DEBUG/MainProcess] TaskPool: Apply <function _fast_trace_task at 0x41aa9b0> (args:('apps.urlcrawler.tasks.retrieve_page', 'ea6999e1-23ee-4850-9bc1-594a787ed421', (1, 'http://adfa1'), {}, {'utc': True, u'is_eager': False, 'chord': None, u'group': None, 'args': (1, 'http://adfa1'), 'retries': 0, u'delivery_info': {u'priority': 0, u'redelivered': None, u'routing_key': 'celery', u'exchange': 'celery'}, 'expires': None, u'hostname': 'celery@udms-131', 'task': 'apps.urlcrawler.tasks.retrieve_page', 'callbacks': None, u'correlation_id': 'ea6999e1-23ee-4850-9bc1-594a787ed421', 'errbacks': None, 'timelimit': (None, None), 'taskset': None, 'kwargs': {}, 'eta': None, u'reply_to': '2a5add0d-f005-3b43-8b73-12794037615f', 'id': 'ea6999e1-23ee-4850-9bc1-594a787ed421', u'headers': {}}) kwargs:{})
[2014-09-09 16:02:41,530: DEBUG/MainProcess] Task accepted: apps.urlcrawler.tasks.retrieve_page[ea6999e1-23ee-4850-9bc1-594a787ed421] pid:5670
[2014-09-09 16:02:41,531: INFO/MainProcess] Task apps.urlcrawler.tasks.retrieve_page[ea6999e1-23ee-4850-9bc1-594a787ed421] succeeded in 0.00165118399309s: None
[2014-09-09 16:02:50,720: INFO/MainProcess] Received task: apps.urlcrawler.tasks.retrieve_page[6d0311df-c2bd-4200-a0e6-a18c85bf7c9f]
[2014-09-09 16:02:50,720: DEBUG/MainProcess] TaskPool: Apply <function _fast_trace_task at 0x41aa9b0> (args:('apps.urlcrawler.tasks.retrieve_page', '6d0311df-c2bd-4200-a0e6-a18c85bf7c9f', (1, 'http://adfa1'), {}, {'utc': True, u'is_eager': False, 'chord': None, u'group': None, 'args': (1, 'http://adfa1'), 'retries': 0, u'delivery_info': {u'priority': 0, u'redelivered': None, u'routing_key': 'celery', u'exchange': 'celery'}, 'expires': None, u'hostname': 'celery@udms-131', 'task': 'apps.urlcrawler.tasks.retrieve_page', 'callbacks': None, u'correlation_id': '6d0311df-c2bd-4200-a0e6-a18c85bf7c9f', 'errbacks': None, 'timelimit': (None, None), 'taskset': None, 'kwargs': {}, 'eta': None, u'reply_to': '2a5add0d-f005-3b43-8b73-12794037615f', 'id': '6d0311df-c2bd-4200-a0e6-a18c85bf7c9f', u'headers': {}}) kwargs:{})
[2014-09-09 16:02:50,722: DEBUG/MainProcess] Task accepted: apps.urlcrawler.tasks.retrieve_page[6d0311df-c2bd-4200-a0e6-a18c85bf7c9f] pid:5664
[2014-09-09 16:02:50,723: INFO/MainProcess] Task apps.urlcrawler.tasks.retrieve_page[6d0311df-c2bd-4200-a0e6-a18c85bf7c9f] succeeded in 0.00170488102594s: None
[2014-09-09 16:03:38,011: DEBUG/MainProcess] | Worker: Closing Hub...
[2014-09-09 16:03:38,012: DEBUG/MainProcess] | Worker: Closing Pool...
[2014-09-09 16:03:38,012: DEBUG/MainProcess] | Worker: Closing Consumer...
[2014-09-09 16:03:38,012: DEBUG/MainProcess] | Worker: Stopping Consumer...
[2014-09-09 16:03:38,012: DEBUG/MainProcess] | Consumer: Closing Connection...
[2014-09-09 16:03:38,012: DEBUG/MainProcess] | Consumer: Closing Events...
[2014-09-09 16:03:38,013: DEBUG/MainProcess] | Consumer: Closing Mingle...
[2014-09-09 16:03:38,013: DEBUG/MainProcess] | Consumer: Closing Tasks...
[2014-09-09 16:03:38,013: DEBUG/MainProcess] | Consumer: Closing Control...
[2014-09-09 16:03:38,013: DEBUG/MainProcess] | Consumer: Closing Gossip...
[2014-09-09 16:03:38,013: DEBUG/MainProcess] | Consumer: Closing Heart...
[2014-09-09 16:03:38,013: DEBUG/MainProcess] | Consumer: Closing event loop...
[2014-09-09 16:03:38,014: DEBUG/MainProcess] | Consumer: Stopping event loop...
[2014-09-09 16:03:38,014: DEBUG/MainProcess] | Consumer: Stopping Heart...
[2014-09-09 16:03:38,015: DEBUG/MainProcess] | Consumer: Stopping Gossip...
[2014-09-09 16:03:38,016: DEBUG/MainProcess] | Consumer: Stopping Control...
[2014-09-09 16:03:38,019: DEBUG/MainProcess] | Consumer: Stopping Tasks...
[2014-09-09 16:03:38,019: DEBUG/MainProcess] Cancelling task consumer...
[2014-09-09 16:03:38,019: DEBUG/MainProcess] | Consumer: Stopping Mingle...
[2014-09-09 16:03:38,019: DEBUG/MainProcess] | Consumer: Stopping Events...
[2014-09-09 16:03:38,019: DEBUG/MainProcess] | Consumer: Stopping Connection...
[2014-09-09 16:03:38,019: DEBUG/MainProcess] | Worker: Stopping Pool...
[2014-09-09 16:03:39,031: DEBUG/MainProcess] | Worker: Stopping Hub...
[2014-09-09 16:03:39,031: DEBUG/MainProcess] | Consumer: Shutdown Heart...
[2014-09-09 16:03:39,031: DEBUG/MainProcess] | Consumer: Shutdown Gossip...
[2014-09-09 16:03:39,032: DEBUG/MainProcess] | Consumer: Shutdown Control...
[2014-09-09 16:03:39,032: DEBUG/MainProcess] | Consumer: Shutdown Tasks...
[2014-09-09 16:03:39,032: DEBUG/MainProcess] Cancelling task consumer...
[2014-09-09 16:03:39,032: DEBUG/MainProcess] Closing consumer channel...
[2014-09-09 16:03:39,032: DEBUG/MainProcess] | Consumer: Shutdown Events...
[2014-09-09 16:03:39,032: DEBUG/MainProcess] | Consumer: Shutdown Connection...
[2014-09-09 16:03:39,033: DEBUG/MainProcess] removing tasks from inqueue until task handler finished
[2014-09-09 16:03:41,523: DEBUG/MainProcess] | Worker: Preparing bootsteps.
[2014-09-09 16:03:41,525: DEBUG/MainProcess] | Worker: Building graph...
[2014-09-09 16:03:41,525: DEBUG/MainProcess] | Worker: New boot order: {Timer, Hub, Queues (intra), Pool, Autoreloader, StateDB, Beat, Autoscaler, Consumer}
[2014-09-09 16:03:41,532: DEBUG/MainProcess] | Consumer: Preparing bootsteps.
[2014-09-09 16:03:41,532: DEBUG/MainProcess] | Consumer: Building graph...
[2014-09-09 16:03:41,541: DEBUG/MainProcess] | Consumer: New boot order: {Connection, Events, Heart, Agent, Mingle, Gossip, Tasks, Control, event loop}
[2014-09-09 16:03:41,542: WARNING/MainProcess] /usr/local/lib/python2.7/dist-packages/celery-3.1.13-py2.7.egg/celery/apps/worker.py:161: CDeprecationWarning: 
Starting from version 3.2 Celery will refuse to accept pickle by default.

The pickle serializer is a security concern as it may give attackers
the ability to execute any command.  It's important to secure
your broker from unauthorized access when using pickle, so we think
that enabling pickle should require a deliberate action and not be
the default choice.

If you depend on pickle then you should set a setting to disable this
warning and to be sure that everything will continue working
when you upgrade to Celery 3.2::

    CELERY_ACCEPT_CONTENT = ['pickle', 'json', 'msgpack', 'yaml']

You must only enable the serializers that you will actually use.


  warnings.warn(CDeprecationWarning(W_PICKLE_DEPRECATED))

[2014-09-09 16:03:41,547: DEBUG/MainProcess] | Worker: Starting Hub
[2014-09-09 16:03:41,548: DEBUG/MainProcess] ^-- substep ok
[2014-09-09 16:03:41,548: DEBUG/MainProcess] | Worker: Starting Pool
[2014-09-09 16:03:41,569: DEBUG/MainProcess] ^-- substep ok
[2014-09-09 16:03:41,569: DEBUG/MainProcess] | Worker: Starting Consumer
[2014-09-09 16:03:41,570: DEBUG/MainProcess] | Consumer: Starting Connection
[2014-09-09 16:03:41,581: INFO/MainProcess] Connected to redis://172.21.1.155:6379//
[2014-09-09 16:03:41,581: DEBUG/MainProcess] ^-- substep ok
[2014-09-09 16:03:41,581: DEBUG/MainProcess] | Consumer: Starting Events
[2014-09-09 16:03:41,593: DEBUG/MainProcess] ^-- substep ok
[2014-09-09 16:03:41,593: DEBUG/MainProcess] | Consumer: Starting Heart
[2014-09-09 16:03:41,594: DEBUG/MainProcess] ^-- substep ok
[2014-09-09 16:03:41,595: DEBUG/MainProcess] | Consumer: Starting Mingle
[2014-09-09 16:03:41,595: INFO/MainProcess] mingle: searching for neighbors
[2014-09-09 16:03:42,605: INFO/MainProcess] mingle: all alone
[2014-09-09 16:03:42,605: DEBUG/MainProcess] ^-- substep ok
[2014-09-09 16:03:42,606: DEBUG/MainProcess] | Consumer: Starting Gossip
[2014-09-09 16:03:42,609: DEBUG/MainProcess] ^-- substep ok
[2014-09-09 16:03:42,609: DEBUG/MainProcess] | Consumer: Starting Tasks
[2014-09-09 16:03:42,614: DEBUG/MainProcess] ^-- substep ok
[2014-09-09 16:03:42,614: DEBUG/MainProcess] | Consumer: Starting Control
[2014-09-09 16:03:42,617: DEBUG/MainProcess] ^-- substep ok
[2014-09-09 16:03:42,617: DEBUG/MainProcess] | Consumer: Starting event loop
[2014-09-09 16:03:42,618: WARNING/MainProcess] /usr/local/lib/python2.7/dist-packages/celery-3.1.13-py2.7.egg/celery/fixups/django.py:236: UserWarning: Using settings.DEBUG leads to a memory leak, never use this setting in production environments!
  warnings.warn('Using settings.DEBUG leads to a memory leak, never '

[2014-09-09 16:03:42,618: WARNING/MainProcess] celery@udms-131 ready.
[2014-09-09 16:03:42,618: DEBUG/MainProcess] | Worker: Hub.register Pool...
[2014-09-09 16:03:42,619: DEBUG/MainProcess] basic.qos: prefetch_count->64
[2014-09-09 16:03:47,046: INFO/MainProcess] Received task: apps.urlcrawler.tasks.retrieve_page[3032808e-34df-4081-8886-6b38efba3976]
[2014-09-09 16:03:47,047: DEBUG/MainProcess] TaskPool: Apply <function _fast_trace_task at 0x3bcda28> (args:('apps.urlcrawler.tasks.retrieve_page', '3032808e-34df-4081-8886-6b38efba3976', (1, 'http://adfa1'), {}, {'utc': True, u'is_eager': False, 'chord': None, u'group': None, 'args': (1, 'http://adfa1'), 'retries': 0, u'delivery_info': {u'priority': 0, u'redelivered': None, u'routing_key': 'celery', u'exchange': 'celery'}, 'expires': None, u'hostname': 'celery@udms-131', 'task': 'apps.urlcrawler.tasks.retrieve_page', 'callbacks': None, u'correlation_id': '3032808e-34df-4081-8886-6b38efba3976', 'errbacks': None, 'timelimit': (None, None), 'taskset': None, 'kwargs': {}, 'eta': None, u'reply_to': '2a5add0d-f005-3b43-8b73-12794037615f', 'id': '3032808e-34df-4081-8886-6b38efba3976', u'headers': {}}) kwargs:{})
[2014-09-09 16:03:47,049: DEBUG/MainProcess] Task accepted: apps.urlcrawler.tasks.retrieve_page[3032808e-34df-4081-8886-6b38efba3976] pid:5839
[2014-09-09 16:03:47,059: INFO/Worker-3] Starting new HTTP connection (1): adfa1
[2014-09-09 16:03:47,079: INFO/Worker-3] Starting new HTTP connection (1): adfa1
[2014-09-09 16:03:47,081: INFO/Worker-3] Starting new HTTP connection (1): adfa1
[2014-09-09 16:03:47,081: DEBUG/Worker-3] apps.urlcrawler.tasks.retrieve_page[3032808e-34df-4081-8886-6b38efba3976]: HTTPConnectionPool(host='adfa1', port=80): Max retries exceeded with url: / (Caused by <class 'socket.gaierror'>: [Errno -3] Temporary failure in name resolution) URL: http://adfa1 

[2014-09-09 16:03:47,082: INFO/MainProcess] Task apps.urlcrawler.tasks.retrieve_page[3032808e-34df-4081-8886-6b38efba3976] succeeded in 0.034259875014s: None
[2014-09-09 16:04:22,291: DEBUG/MainProcess] | Worker: Closing Hub...
[2014-09-09 16:04:22,291: DEBUG/MainProcess] | Worker: Closing Pool...
[2014-09-09 16:04:22,291: DEBUG/MainProcess] | Worker: Closing Consumer...
[2014-09-09 16:04:22,291: DEBUG/MainProcess] | Worker: Stopping Consumer...
[2014-09-09 16:04:22,291: DEBUG/MainProcess] | Consumer: Closing Connection...
[2014-09-09 16:04:22,292: DEBUG/MainProcess] | Consumer: Closing Events...
[2014-09-09 16:04:22,292: DEBUG/MainProcess] | Consumer: Closing Heart...
[2014-09-09 16:04:22,292: DEBUG/MainProcess] | Consumer: Closing Mingle...
[2014-09-09 16:04:22,292: DEBUG/MainProcess] | Consumer: Closing Gossip...
[2014-09-09 16:04:22,292: DEBUG/MainProcess] | Consumer: Closing Tasks...
[2014-09-09 16:04:22,293: DEBUG/MainProcess] | Consumer: Closing Control...
[2014-09-09 16:04:22,293: DEBUG/MainProcess] | Consumer: Closing event loop...
[2014-09-09 16:04:22,293: DEBUG/MainProcess] | Consumer: Stopping event loop...
[2014-09-09 16:04:22,293: DEBUG/MainProcess] | Consumer: Stopping Control...
[2014-09-09 16:04:22,296: DEBUG/MainProcess] | Consumer: Stopping Tasks...
[2014-09-09 16:04:22,296: DEBUG/MainProcess] Cancelling task consumer...
[2014-09-09 16:04:22,296: DEBUG/MainProcess] | Consumer: Stopping Gossip...
[2014-09-09 16:04:22,298: DEBUG/MainProcess] | Consumer: Stopping Mingle...
[2014-09-09 16:04:22,298: DEBUG/MainProcess] | Consumer: Stopping Heart...
[2014-09-09 16:04:22,299: DEBUG/MainProcess] | Consumer: Stopping Events...
[2014-09-09 16:04:22,299: DEBUG/MainProcess] | Consumer: Stopping Connection...
[2014-09-09 16:04:22,299: DEBUG/MainProcess] | Worker: Stopping Pool...
[2014-09-09 16:04:23,312: DEBUG/MainProcess] | Worker: Stopping Hub...
[2014-09-09 16:04:23,312: DEBUG/MainProcess] | Consumer: Shutdown Control...
[2014-09-09 16:04:23,312: DEBUG/MainProcess] | Consumer: Shutdown Tasks...
[2014-09-09 16:04:23,313: DEBUG/MainProcess] Cancelling task consumer...
[2014-09-09 16:04:23,313: DEBUG/MainProcess] Closing consumer channel...
[2014-09-09 16:04:23,313: DEBUG/MainProcess] | Consumer: Shutdown Gossip...
[2014-09-09 16:04:23,313: DEBUG/MainProcess] | Consumer: Shutdown Heart...
[2014-09-09 16:04:23,313: DEBUG/MainProcess] | Consumer: Shutdown Events...
[2014-09-09 16:04:23,314: DEBUG/MainProcess] | Consumer: Shutdown Connection...
[2014-09-09 16:04:23,314: DEBUG/MainProcess] removing tasks from inqueue until task handler finished
[2014-09-09 16:04:25,986: DEBUG/MainProcess] | Worker: Preparing bootsteps.
[2014-09-09 16:04:25,987: DEBUG/MainProcess] | Worker: Building graph...
[2014-09-09 16:04:25,988: DEBUG/MainProcess] | Worker: New boot order: {StateDB, Timer, Hub, Queues (intra), Pool, Autoscaler, Autoreloader, Beat, Consumer}
[2014-09-09 16:04:25,994: DEBUG/MainProcess] | Consumer: Preparing bootsteps.
[2014-09-09 16:04:25,995: DEBUG/MainProcess] | Consumer: Building graph...
[2014-09-09 16:04:26,004: DEBUG/MainProcess] | Consumer: New boot order: {Connection, Events, Mingle, Tasks, Control, Gossip, Agent, Heart, event loop}
[2014-09-09 16:04:26,005: WARNING/MainProcess] /usr/local/lib/python2.7/dist-packages/celery-3.1.13-py2.7.egg/celery/apps/worker.py:161: CDeprecationWarning: 
Starting from version 3.2 Celery will refuse to accept pickle by default.

The pickle serializer is a security concern as it may give attackers
the ability to execute any command.  It's important to secure
your broker from unauthorized access when using pickle, so we think
that enabling pickle should require a deliberate action and not be
the default choice.

If you depend on pickle then you should set a setting to disable this
warning and to be sure that everything will continue working
when you upgrade to Celery 3.2::

    CELERY_ACCEPT_CONTENT = ['pickle', 'json', 'msgpack', 'yaml']

You must only enable the serializers that you will actually use.


  warnings.warn(CDeprecationWarning(W_PICKLE_DEPRECATED))

[2014-09-09 16:04:26,010: DEBUG/MainProcess] | Worker: Starting Hub
[2014-09-09 16:04:26,010: DEBUG/MainProcess] ^-- substep ok
[2014-09-09 16:04:26,011: DEBUG/MainProcess] | Worker: Starting Pool
[2014-09-09 16:04:26,034: DEBUG/MainProcess] ^-- substep ok
[2014-09-09 16:04:26,034: DEBUG/MainProcess] | Worker: Starting Consumer
[2014-09-09 16:04:26,035: DEBUG/MainProcess] | Consumer: Starting Connection
[2014-09-09 16:04:26,046: INFO/MainProcess] Connected to redis://172.21.1.155:6379//
[2014-09-09 16:04:26,047: DEBUG/MainProcess] ^-- substep ok
[2014-09-09 16:04:26,047: DEBUG/MainProcess] | Consumer: Starting Events
[2014-09-09 16:04:26,059: DEBUG/MainProcess] ^-- substep ok
[2014-09-09 16:04:26,059: DEBUG/MainProcess] | Consumer: Starting Mingle
[2014-09-09 16:04:26,059: INFO/MainProcess] mingle: searching for neighbors
[2014-09-09 16:04:27,070: INFO/MainProcess] mingle: all alone
[2014-09-09 16:04:27,070: DEBUG/MainProcess] ^-- substep ok
[2014-09-09 16:04:27,071: DEBUG/MainProcess] | Consumer: Starting Tasks
[2014-09-09 16:04:27,075: DEBUG/MainProcess] ^-- substep ok
[2014-09-09 16:04:27,075: DEBUG/MainProcess] | Consumer: Starting Control
[2014-09-09 16:04:27,078: DEBUG/MainProcess] ^-- substep ok
[2014-09-09 16:04:27,078: DEBUG/MainProcess] | Consumer: Starting Gossip
[2014-09-09 16:04:27,081: DEBUG/MainProcess] ^-- substep ok
[2014-09-09 16:04:27,082: DEBUG/MainProcess] | Consumer: Starting Heart
[2014-09-09 16:04:27,083: DEBUG/MainProcess] ^-- substep ok
[2014-09-09 16:04:27,083: DEBUG/MainProcess] | Consumer: Starting event loop
[2014-09-09 16:04:27,084: WARNING/MainProcess] /usr/local/lib/python2.7/dist-packages/celery-3.1.13-py2.7.egg/celery/fixups/django.py:236: UserWarning: Using settings.DEBUG leads to a memory leak, never use this setting in production environments!
  warnings.warn('Using settings.DEBUG leads to a memory leak, never '

[2014-09-09 16:04:27,084: WARNING/MainProcess] celery@udms-131 ready.
[2014-09-09 16:04:27,084: DEBUG/MainProcess] | Worker: Hub.register Pool...
[2014-09-09 16:04:27,085: DEBUG/MainProcess] basic.qos: prefetch_count->64
[2014-09-09 16:04:30,349: INFO/MainProcess] Received task: apps.urlcrawler.tasks.retrieve_page[b48567ac-07d9-4fd9-ae5c-fc5113f66367]
[2014-09-09 16:04:30,350: DEBUG/MainProcess] TaskPool: Apply <function _fast_trace_task at 0x3ad4a28> (args:('apps.urlcrawler.tasks.retrieve_page', 'b48567ac-07d9-4fd9-ae5c-fc5113f66367', (1, 'http://adfa1'), {}, {'utc': True, u'is_eager': False, 'chord': None, u'group': None, 'args': (1, 'http://adfa1'), 'retries': 0, u'delivery_info': {u'priority': 0, u'redelivered': None, u'routing_key': 'celery', u'exchange': 'celery'}, 'expires': None, u'hostname': 'celery@udms-131', 'task': 'apps.urlcrawler.tasks.retrieve_page', 'callbacks': None, u'correlation_id': 'b48567ac-07d9-4fd9-ae5c-fc5113f66367', 'errbacks': None, 'timelimit': (None, None), 'taskset': None, 'kwargs': {}, 'eta': None, u'reply_to': '2a5add0d-f005-3b43-8b73-12794037615f', 'id': 'b48567ac-07d9-4fd9-ae5c-fc5113f66367', u'headers': {}}) kwargs:{})
[2014-09-09 16:04:30,352: DEBUG/MainProcess] Task accepted: apps.urlcrawler.tasks.retrieve_page[b48567ac-07d9-4fd9-ae5c-fc5113f66367] pid:6015
[2014-09-09 16:04:30,363: INFO/Worker-10] Starting new HTTP connection (1): adfa1
[2014-09-09 16:04:30,368: INFO/Worker-10] Starting new HTTP connection (1): adfa1
[2014-09-09 16:04:30,369: INFO/Worker-10] Starting new HTTP connection (1): adfa1
[2014-09-09 16:04:30,370: WARNING/Worker-10] 111111111111111111111111111
[2014-09-09 16:04:30,370: DEBUG/Worker-10] apps.urlcrawler.tasks.retrieve_page[b48567ac-07d9-4fd9-ae5c-fc5113f66367]: HTTPConnectionPool(host='adfa1', port=80): Max retries exceeded with url: / (Caused by <class 'socket.gaierror'>: [Errno -3] Temporary failure in name resolution) URL: http://adfa1 

[2014-09-09 16:04:30,370: INFO/MainProcess] Task apps.urlcrawler.tasks.retrieve_page[b48567ac-07d9-4fd9-ae5c-fc5113f66367] succeeded in 0.0193779420224s: None
[2014-09-09 16:04:37,930: DEBUG/MainProcess] | Worker: Closing Hub...
[2014-09-09 16:04:37,931: DEBUG/MainProcess] | Worker: Closing Pool...
[2014-09-09 16:04:37,931: DEBUG/MainProcess] | Worker: Closing Consumer...
[2014-09-09 16:04:37,931: DEBUG/MainProcess] | Worker: Stopping Consumer...
[2014-09-09 16:04:37,931: DEBUG/MainProcess] | Consumer: Closing Connection...
[2014-09-09 16:04:37,931: DEBUG/MainProcess] | Consumer: Closing Events...
[2014-09-09 16:04:37,931: DEBUG/MainProcess] | Consumer: Closing Mingle...
[2014-09-09 16:04:37,932: DEBUG/MainProcess] | Consumer: Closing Tasks...
[2014-09-09 16:04:37,932: DEBUG/MainProcess] | Consumer: Closing Control...
[2014-09-09 16:04:37,932: DEBUG/MainProcess] | Consumer: Closing Gossip...
[2014-09-09 16:04:37,932: DEBUG/MainProcess] | Consumer: Closing Heart...
[2014-09-09 16:04:37,932: DEBUG/MainProcess] | Consumer: Closing event loop...
[2014-09-09 16:04:37,932: DEBUG/MainProcess] | Consumer: Stopping event loop...
[2014-09-09 16:04:37,933: DEBUG/MainProcess] | Consumer: Stopping Heart...
[2014-09-09 16:04:37,934: DEBUG/MainProcess] | Consumer: Stopping Gossip...
[2014-09-09 16:04:37,935: DEBUG/MainProcess] | Consumer: Stopping Control...
[2014-09-09 16:04:37,937: DEBUG/MainProcess] | Consumer: Stopping Tasks...
[2014-09-09 16:04:37,938: DEBUG/MainProcess] Cancelling task consumer...
[2014-09-09 16:04:37,938: DEBUG/MainProcess] | Consumer: Stopping Mingle...
[2014-09-09 16:04:37,938: DEBUG/MainProcess] | Consumer: Stopping Events...
[2014-09-09 16:04:37,938: DEBUG/MainProcess] | Consumer: Stopping Connection...
[2014-09-09 16:04:37,938: DEBUG/MainProcess] | Worker: Stopping Pool...
[2014-09-09 16:04:38,950: DEBUG/MainProcess] | Worker: Stopping Hub...
[2014-09-09 16:04:38,950: DEBUG/MainProcess] | Consumer: Shutdown Heart...
[2014-09-09 16:04:38,950: DEBUG/MainProcess] | Consumer: Shutdown Gossip...
[2014-09-09 16:04:38,950: DEBUG/MainProcess] | Consumer: Shutdown Control...
[2014-09-09 16:04:38,951: DEBUG/MainProcess] | Consumer: Shutdown Tasks...
[2014-09-09 16:04:38,951: DEBUG/MainProcess] Cancelling task consumer...
[2014-09-09 16:04:38,951: DEBUG/MainProcess] Closing consumer channel...
[2014-09-09 16:04:38,951: DEBUG/MainProcess] | Consumer: Shutdown Events...
[2014-09-09 16:04:38,952: DEBUG/MainProcess] | Consumer: Shutdown Connection...
[2014-09-09 16:04:38,952: DEBUG/MainProcess] removing tasks from inqueue until task handler finished
[2014-09-09 20:22:17,557: DEBUG/MainProcess] | Worker: Preparing bootsteps.
[2014-09-09 20:22:17,559: DEBUG/MainProcess] | Worker: Building graph...
[2014-09-09 20:22:17,560: DEBUG/MainProcess] | Worker: New boot order: {Beat, Timer, Hub, Queues (intra), Pool, Autoreloader, StateDB, Autoscaler, Consumer}
[2014-09-09 20:22:17,566: DEBUG/MainProcess] | Consumer: Preparing bootsteps.
[2014-09-09 20:22:17,566: DEBUG/MainProcess] | Consumer: Building graph...
[2014-09-09 20:22:17,576: DEBUG/MainProcess] | Consumer: New boot order: {Connection, Events, Mingle, Tasks, Control, Agent, Gossip, Heart, event loop}
[2014-09-09 20:22:17,576: WARNING/MainProcess] /usr/local/lib/python2.7/dist-packages/celery-3.1.13-py2.7.egg/celery/apps/worker.py:161: CDeprecationWarning: 
Starting from version 3.2 Celery will refuse to accept pickle by default.

The pickle serializer is a security concern as it may give attackers
the ability to execute any command.  It's important to secure
your broker from unauthorized access when using pickle, so we think
that enabling pickle should require a deliberate action and not be
the default choice.

If you depend on pickle then you should set a setting to disable this
warning and to be sure that everything will continue working
when you upgrade to Celery 3.2::

    CELERY_ACCEPT_CONTENT = ['pickle', 'json', 'msgpack', 'yaml']

You must only enable the serializers that you will actually use.


  warnings.warn(CDeprecationWarning(W_PICKLE_DEPRECATED))

[2014-09-09 20:22:17,581: DEBUG/MainProcess] | Worker: Starting Hub
[2014-09-09 20:22:17,581: DEBUG/MainProcess] ^-- substep ok
[2014-09-09 20:22:17,581: DEBUG/MainProcess] | Worker: Starting Pool
[2014-09-09 20:22:17,602: DEBUG/MainProcess] ^-- substep ok
[2014-09-09 20:22:17,603: DEBUG/MainProcess] | Worker: Starting Consumer
[2014-09-09 20:22:17,603: DEBUG/MainProcess] | Consumer: Starting Connection
[2014-09-09 20:22:17,614: INFO/MainProcess] Connected to redis://172.21.1.155:6379//
[2014-09-09 20:22:17,614: DEBUG/MainProcess] ^-- substep ok
[2014-09-09 20:22:17,614: DEBUG/MainProcess] | Consumer: Starting Events
[2014-09-09 20:22:17,623: DEBUG/MainProcess] ^-- substep ok
[2014-09-09 20:22:17,623: DEBUG/MainProcess] | Consumer: Starting Mingle
[2014-09-09 20:22:17,623: INFO/MainProcess] mingle: searching for neighbors
[2014-09-09 20:22:18,633: INFO/MainProcess] mingle: all alone
[2014-09-09 20:22:18,633: DEBUG/MainProcess] ^-- substep ok
[2014-09-09 20:22:18,633: DEBUG/MainProcess] | Consumer: Starting Tasks
[2014-09-09 20:22:18,639: DEBUG/MainProcess] ^-- substep ok
[2014-09-09 20:22:18,639: DEBUG/MainProcess] | Consumer: Starting Control
[2014-09-09 20:22:18,641: DEBUG/MainProcess] ^-- substep ok
[2014-09-09 20:22:18,642: DEBUG/MainProcess] | Consumer: Starting Gossip
[2014-09-09 20:22:18,645: DEBUG/MainProcess] ^-- substep ok
[2014-09-09 20:22:18,645: DEBUG/MainProcess] | Consumer: Starting Heart
[2014-09-09 20:22:18,646: DEBUG/MainProcess] ^-- substep ok
[2014-09-09 20:22:18,646: DEBUG/MainProcess] | Consumer: Starting event loop
[2014-09-09 20:22:18,647: WARNING/MainProcess] /usr/local/lib/python2.7/dist-packages/celery-3.1.13-py2.7.egg/celery/fixups/django.py:236: UserWarning: Using settings.DEBUG leads to a memory leak, never use this setting in production environments!
  warnings.warn('Using settings.DEBUG leads to a memory leak, never '

[2014-09-09 20:22:18,647: WARNING/MainProcess] celery@udms-131 ready.
[2014-09-09 20:22:18,647: DEBUG/MainProcess] | Worker: Hub.register Pool...
[2014-09-09 20:22:18,648: DEBUG/MainProcess] basic.qos: prefetch_count->64
[2014-09-09 20:24:41,607: INFO/MainProcess] Received task: apps.urlcrawler.tasks.retrieve_page[d05cde8c-e3b6-451d-bc4f-f054bdac238c]
[2014-09-09 20:24:41,608: DEBUG/MainProcess] TaskPool: Apply <function _fast_trace_task at 0x43569b0> (args:('apps.urlcrawler.tasks.retrieve_page', 'd05cde8c-e3b6-451d-bc4f-f054bdac238c', (1, 'http://pat.zju.edu.cn'), {}, {'utc': True, u'is_eager': False, 'chord': None, u'group': None, 'args': (1, 'http://pat.zju.edu.cn'), 'retries': 0, u'delivery_info': {u'priority': 0, u'redelivered': None, u'routing_key': 'celery', u'exchange': 'celery'}, 'expires': None, u'hostname': 'celery@udms-131', 'task': 'apps.urlcrawler.tasks.retrieve_page', 'callbacks': None, u'correlation_id': 'd05cde8c-e3b6-451d-bc4f-f054bdac238c', 'errbacks': None, 'timelimit': (None, None), 'taskset': None, 'kwargs': {}, 'eta': None, u'reply_to': '7aa9afe0-891c-3307-9e33-21705d53c1eb', 'id': 'd05cde8c-e3b6-451d-bc4f-f054bdac238c', u'headers': {}}) kwargs:{})
[2014-09-09 20:24:41,609: DEBUG/MainProcess] Task accepted: apps.urlcrawler.tasks.retrieve_page[d05cde8c-e3b6-451d-bc4f-f054bdac238c] pid:13815
[2014-09-09 20:24:41,619: INFO/Worker-15] Starting new HTTP connection (1): pat.zju.edu.cn
[2014-09-09 20:24:41,627: INFO/Worker-15] Starting new HTTP connection (1): pat.zju.edu.cn
[2014-09-09 20:24:41,628: INFO/Worker-15] Starting new HTTP connection (1): pat.zju.edu.cn
[2014-09-09 20:24:41,628: ERROR/Worker-15] apps.urlcrawler.tasks.retrieve_page[d05cde8c-e3b6-451d-bc4f-f054bdac238c]: FETCH ERROR
HTTPConnectionPool(host='pat.zju.edu.cn', port=80): Max retries exceeded with url: / (Caused by <class 'socket.gaierror'>: [Errno -3] Temporary failure in name resolution) URL: http://pat.zju.edu.cn 

[2014-09-09 20:24:41,630: INFO/MainProcess] Task apps.urlcrawler.tasks.retrieve_page[d05cde8c-e3b6-451d-bc4f-f054bdac238c] succeeded in 0.0213802849757s: 1
[2014-09-09 20:25:20,247: INFO/MainProcess] Received task: apps.urlcrawler.tasks.retrieve_page[ee00d305-8b96-4c69-88ed-4063485c12e6]
[2014-09-09 20:25:20,248: DEBUG/MainProcess] TaskPool: Apply <function _fast_trace_task at 0x43569b0> (args:('apps.urlcrawler.tasks.retrieve_page', 'ee00d305-8b96-4c69-88ed-4063485c12e6', (1, 'http://pat.zju.edu.cn'), {}, {'utc': True, u'is_eager': False, 'chord': None, u'group': None, 'args': (1, 'http://pat.zju.edu.cn'), 'retries': 0, u'delivery_info': {u'priority': 0, u'redelivered': None, u'routing_key': 'celery', u'exchange': 'celery'}, 'expires': None, u'hostname': 'celery@udms-131', 'task': 'apps.urlcrawler.tasks.retrieve_page', 'callbacks': None, u'correlation_id': 'ee00d305-8b96-4c69-88ed-4063485c12e6', 'errbacks': None, 'timelimit': (None, None), 'taskset': None, 'kwargs': {}, 'eta': None, u'reply_to': '7aa9afe0-891c-3307-9e33-21705d53c1eb', 'id': 'ee00d305-8b96-4c69-88ed-4063485c12e6', u'headers': {}}) kwargs:{})
[2014-09-09 20:25:20,249: DEBUG/MainProcess] Task accepted: apps.urlcrawler.tasks.retrieve_page[ee00d305-8b96-4c69-88ed-4063485c12e6] pid:13803
[2014-09-09 20:25:20,260: INFO/Worker-3] Starting new HTTP connection (1): pat.zju.edu.cn
[2014-09-09 20:25:20,276: INFO/Worker-3] Starting new HTTP connection (1): pat.zju.edu.cn
[2014-09-09 20:25:20,277: INFO/Worker-3] Starting new HTTP connection (1): pat.zju.edu.cn
[2014-09-09 20:25:20,277: ERROR/Worker-3] apps.urlcrawler.tasks.retrieve_page[ee00d305-8b96-4c69-88ed-4063485c12e6]: FETCH ERROR
HTTPConnectionPool(host='pat.zju.edu.cn', port=80): Max retries exceeded with url: / (Caused by <class 'socket.gaierror'>: [Errno -3] Temporary failure in name resolution) URL: http://pat.zju.edu.cn 

[2014-09-09 20:25:20,279: INFO/MainProcess] Task apps.urlcrawler.tasks.retrieve_page[ee00d305-8b96-4c69-88ed-4063485c12e6] succeeded in 0.0305803150404s: 1
[2014-09-09 20:28:25,739: INFO/MainProcess] Received task: apps.urlcrawler.tasks.retrieve_page[46bfa6e0-7b77-483a-9b31-ce320140f16d]
[2014-09-09 20:28:25,739: DEBUG/MainProcess] TaskPool: Apply <function _fast_trace_task at 0x43569b0> (args:('apps.urlcrawler.tasks.retrieve_page', '46bfa6e0-7b77-483a-9b31-ce320140f16d', (1, 'http://pat.zju.edu.cn'), {}, {'utc': True, u'is_eager': False, 'chord': None, u'group': None, 'args': (1, 'http://pat.zju.edu.cn'), 'retries': 0, u'delivery_info': {u'priority': 0, u'redelivered': None, u'routing_key': 'celery', u'exchange': 'celery'}, 'expires': None, u'hostname': 'celery@udms-131', 'task': 'apps.urlcrawler.tasks.retrieve_page', 'callbacks': None, u'correlation_id': '46bfa6e0-7b77-483a-9b31-ce320140f16d', 'errbacks': None, 'timelimit': (None, None), 'taskset': None, 'kwargs': {}, 'eta': None, u'reply_to': '7aa9afe0-891c-3307-9e33-21705d53c1eb', 'id': '46bfa6e0-7b77-483a-9b31-ce320140f16d', u'headers': {}}) kwargs:{})
[2014-09-09 20:28:25,741: DEBUG/MainProcess] Task accepted: apps.urlcrawler.tasks.retrieve_page[46bfa6e0-7b77-483a-9b31-ce320140f16d] pid:13806
[2014-09-09 20:28:25,754: INFO/Worker-6] Starting new HTTP connection (1): pat.zju.edu.cn
[2014-09-09 20:28:25,835: DEBUG/Worker-6] "GET / HTTP/1.1" 200 None
[2014-09-09 20:28:26,075: INFO/MainProcess] Task apps.urlcrawler.tasks.retrieve_page[46bfa6e0-7b77-483a-9b31-ce320140f16d] succeeded in 0.33476133697s: 0
[2014-09-09 20:35:24,537: DEBUG/MainProcess] | Worker: Closing Hub...
[2014-09-09 20:35:24,537: DEBUG/MainProcess] | Worker: Closing Pool...
[2014-09-09 20:35:24,537: DEBUG/MainProcess] | Worker: Closing Consumer...
[2014-09-09 20:35:24,537: DEBUG/MainProcess] | Worker: Stopping Consumer...
[2014-09-09 20:35:24,537: DEBUG/MainProcess] | Consumer: Closing Connection...
[2014-09-09 20:35:24,538: DEBUG/MainProcess] | Consumer: Closing Events...
[2014-09-09 20:35:24,538: DEBUG/MainProcess] | Consumer: Closing Mingle...
[2014-09-09 20:35:24,538: DEBUG/MainProcess] | Consumer: Closing Tasks...
[2014-09-09 20:35:24,538: DEBUG/MainProcess] | Consumer: Closing Control...
[2014-09-09 20:35:24,538: DEBUG/MainProcess] | Consumer: Closing Gossip...
[2014-09-09 20:35:24,538: DEBUG/MainProcess] | Consumer: Closing Heart...
[2014-09-09 20:35:24,539: DEBUG/MainProcess] | Consumer: Closing event loop...
[2014-09-09 20:35:24,539: DEBUG/MainProcess] | Consumer: Stopping event loop...
[2014-09-09 20:35:24,539: DEBUG/MainProcess] | Consumer: Stopping Heart...
[2014-09-09 20:35:24,540: DEBUG/MainProcess] | Consumer: Stopping Gossip...
[2014-09-09 20:35:24,541: DEBUG/MainProcess] | Consumer: Stopping Control...
[2014-09-09 20:35:24,543: DEBUG/MainProcess] | Consumer: Stopping Tasks...
[2014-09-09 20:35:24,544: DEBUG/MainProcess] Cancelling task consumer...
[2014-09-09 20:35:24,544: DEBUG/MainProcess] | Consumer: Stopping Mingle...
[2014-09-09 20:35:24,544: DEBUG/MainProcess] | Consumer: Stopping Events...
[2014-09-09 20:35:24,544: DEBUG/MainProcess] | Consumer: Stopping Connection...
[2014-09-09 20:35:24,544: DEBUG/MainProcess] | Worker: Stopping Pool...
[2014-09-09 20:35:25,556: DEBUG/MainProcess] | Worker: Stopping Hub...
[2014-09-09 20:35:25,556: DEBUG/MainProcess] | Consumer: Shutdown Heart...
[2014-09-09 20:35:25,556: DEBUG/MainProcess] | Consumer: Shutdown Gossip...
[2014-09-09 20:35:25,557: DEBUG/MainProcess] | Consumer: Shutdown Control...
[2014-09-09 20:35:25,557: DEBUG/MainProcess] | Consumer: Shutdown Tasks...
[2014-09-09 20:35:25,557: DEBUG/MainProcess] Cancelling task consumer...
[2014-09-09 20:35:25,557: DEBUG/MainProcess] Closing consumer channel...
[2014-09-09 20:35:25,557: DEBUG/MainProcess] | Consumer: Shutdown Events...
[2014-09-09 20:35:25,558: DEBUG/MainProcess] | Consumer: Shutdown Connection...
[2014-09-09 20:35:25,559: DEBUG/MainProcess] removing tasks from inqueue until task handler finished
[2014-09-28 02:04:42,737: DEBUG/MainProcess] Setting default socket timeout to 30
[2014-09-28 02:04:42,740: INFO/MainProcess] beat: Starting...
[2014-09-28 02:04:43,236: DEBUG/MainProcess] Current schedule:
<Entry: check_running_queue apps.urlcrawler.tasks.task_running() <freq: 2.00 minutes>
[2014-09-28 02:04:43,236: DEBUG/MainProcess] beat: Ticking with max interval->5.00 minutes
[2014-09-28 02:04:43,240: DEBUG/MainProcess] beat: Waking up in 2.00 minutes.
